{"ts": "2026-05-28T03:43:23.604699+00:00", "level": "INFO", "logger": "__main__:e34165d3", "run_id": "e34165d3", "stem": "retail_daily_sales_2023_2026", "event": "story_assembly_started"}
{"ts": "2026-05-28T03:43:44.094325+00:00", "level": "INFO", "logger": "__main__:0bc1f915", "run_id": "0bc1f915", "stem": "retail_daily_sales_2023_2026", "event": "story_assembly_started"}
{"ts": "2026-05-28T03:43:44.096785+00:00", "level": "INFO", "logger": "__main__:0bc1f915", "run_id": "0bc1f915", "stem": "retail_daily_sales_2023_2026", "event": "story_assembly_completed_successfully"}
{"ts": "2026-05-28T03:45:05.478328+00:00", "level": "INFO", "logger": "__main__:804a8397", "run_id": "804a8397", "stem": "retail_daily_sales_2023_2026", "event": "chart_render_start", "total": 12}
{"ts": "2026-05-28T03:45:06.269402+00:00", "level": "INFO", "logger": "__main__:804a8397", "run_id": "804a8397", "stem": "retail_daily_sales_2023_2026", "event": "manifest_written", "path": "C:\\This PC\\the future analyst\\AIDA\\AIDA-All\\AIDA\\ai_analyst\\data\\pipeline\\retail_daily_sales_2023_2026\\chart_images.json", "chart_count": 12}
{"ts": "2026-05-28T03:45:06.269513+00:00", "level": "INFO", "logger": "__main__:804a8397", "run_id": "804a8397", "stem": "retail_daily_sales_2023_2026", "event": "render_complete", "rendered": 12, "failed": 0}
{"ts": "2026-05-28T03:45:13.947106+00:00", "level": "INFO", "logger": "__main__:068a4cd6", "run_id": "068a4cd6", "stem": "retail_daily_sales_2023_2026", "event": "build_start", "slide_count": 14, "output": "C:\\This PC\\the future analyst\\AIDA\\AIDA-All\\AIDA\\ai_analyst\\data\\reports\\pptx\\retail_daily_sales_2023_2026\\slidedeck.pptx"}
{"ts": "2026-05-28T03:45:13.978055+00:00", "level": "ERROR", "logger": "__main__:068a4cd6", "run_id": "068a4cd6", "stem": "retail_daily_sales_2023_2026", "event": "slide_render_error", "slide": 2, "layout": "BACKGROUND", "error": "expected string or bytes-like object, got 'dict'"}
{"ts": "2026-05-28T03:45:14.354355+00:00", "level": "INFO", "logger": "__main__:068a4cd6", "run_id": "068a4cd6", "stem": "retail_daily_sales_2023_2026", "event": "build_complete", "output": "C:\\This PC\\the future analyst\\AIDA\\AIDA-All\\AIDA\\ai_analyst\\data\\reports\\pptx\\retail_daily_sales_2023_2026\\slidedeck.pptx", "size_kb": 293.7, "slide_count": 14, "error_count": 1}
{"ts": "2026-05-28T03:46:04.197082+00:00", "level": "INFO", "logger": "__main__:73c22fd7", "run_id": "73c22fd7", "stem": "retail_daily_sales_2023_2026", "event": "output_exists_skip", "path": "C:\\This PC\\the future analyst\\AIDA\\AIDA-All\\AIDA\\ai_analyst\\data\\reports\\pptx\\retail_daily_sales_2023_2026\\slidedeck.pptx", "hint": "pass force=True or --force to overwrite"}
{"ts": "2026-05-28T03:46:16.461396+00:00", "level": "WARNING", "logger": "__main__:023a84a8", "run_id": "023a84a8", "stem": "retail_daily_sales_2023_2026", "event": "output_overwrite", "path": "C:\\This PC\\the future analyst\\AIDA\\AIDA-All\\AIDA\\ai_analyst\\data\\reports\\pptx\\retail_daily_sales_2023_2026\\slidedeck.pptx", "forced": true}
{"ts": "2026-05-28T03:46:16.472902+00:00", "level": "INFO", "logger": "__main__:023a84a8", "run_id": "023a84a8", "stem": "retail_daily_sales_2023_2026", "event": "build_start", "slide_count": 14, "output": "C:\\This PC\\the future analyst\\AIDA\\AIDA-All\\AIDA\\ai_analyst\\data\\reports\\pptx\\retail_daily_sales_2023_2026\\slidedeck.pptx"}
{"ts": "2026-05-28T03:46:16.640596+00:00", "level": "INFO", "logger": "__main__:023a84a8", "run_id": "023a84a8", "stem": "retail_daily_sales_2023_2026", "event": "build_complete", "output": "C:\\This PC\\the future analyst\\AIDA\\AIDA-All\\AIDA\\ai_analyst\\data\\reports\\pptx\\retail_daily_sales_2023_2026\\slidedeck.pptx", "size_kb": 292.9, "slide_count": 14, "error_count": 0}
{"ts": "2026-05-28T04:37:02.429994+00:00", "level": "INFO", "logger": "__main__:c7975508", "run_id": "c7975508", "stem": "retail_daily_sales_2023_2026", "event": "pipeline_state_loaded", "keys": ["stem", "file_path", "question", "analysis_type", "question_level", "date_range", "columns", "primary_metric", "date_column", "segment_columns", "total_rows", "domain", "dataset_type", "confidence_grade", "bypass", "output_format", "execution_plan", "skills_completed", "descriptive_completed_at", "started_at", "project_root"]}
{"ts": "2026-05-28T04:37:02.430219+00:00", "level": "INFO", "logger": "__main__:c7975508", "run_id": "c7975508", "stem": "retail_daily_sales_2023_2026", "event": "cutoff_set", "cutoff": "2026-05-28"}
{"ts": "2026-05-28T04:37:02.430306+00:00", "level": "INFO", "logger": "__main__:c7975508", "run_id": "c7975508", "stem": "retail_daily_sales_2023_2026", "event": "column_mapping", "date": "date", "revenue": "revenue_usd", "segment": "segment", "region": "region", "product": "product", "customer": "customer_id"}
{"ts": "2026-05-28T04:37:02.534563+00:00", "level": "INFO", "logger": "__main__:c7975508", "run_id": "c7975508", "stem": "retail_daily_sales_2023_2026", "event": "data_loaded", "row_count": 31925, "path": "C:\\This PC\\the future analyst\\AIDA\\AIDA-All\\AIDA\\ai_analyst\\data\\raw\\retail_daily_sales_2023_2026.csv"}
{"ts": "2026-05-28T05:00:27.997841+00:00", "level": "INFO", "logger": "__main__:2f83cd45", "run_id": "2f83cd45", "stem": "saas_revenue_2022_2026", "event": "pipeline_state_loaded", "keys": ["stem", "file_path", "question", "analysis_type", "question_level", "date_range", "columns", "primary_metric", "date_column", "segment_columns", "total_rows", "domain", "dataset_type", "confidence_grade", "bypass", "output_format", "execution_plan", "embedded_patterns", "skills_completed", "started_at", "project_root"]}
{"ts": "2026-05-28T05:00:27.998331+00:00", "level": "WARNING", "logger": "__main__:2f83cd45", "run_id": "2f83cd45", "stem": "saas_revenue_2022_2026", "event": "cutoff_fallback", "reason": "could not parse date_range from pipeline_state", "cutoff": "2026-05-28"}
{"ts": "2026-05-28T05:00:27.998422+00:00", "level": "INFO", "logger": "__main__:2f83cd45", "run_id": "2f83cd45", "stem": "saas_revenue_2022_2026", "event": "cutoff_set", "cutoff": "2026-05-28"}
{"ts": "2026-05-28T05:00:27.998486+00:00", "level": "INFO", "logger": "__main__:2f83cd45", "run_id": "2f83cd45", "stem": "saas_revenue_2022_2026", "event": "column_mapping", "date": "order_date", "revenue": "revenue_usd", "segment": "segment", "region": "region", "product": "product", "customer": "customer_id"}
{"ts": "2026-05-28T05:00:28.014808+00:00", "level": "INFO", "logger": "__main__:2f83cd45", "run_id": "2f83cd45", "stem": "saas_revenue_2022_2026", "event": "data_loaded", "row_count": 11455, "path": "C:\\This PC\\the future analyst\\AIDA\\AIDA-All\\AIDA\\ai_analyst\\data\\raw\\saas_revenue_2022_2026.csv"}
{"ts": "2026-05-28T08:04:25.051231+00:00", "level": "INFO", "logger": "__main__:e4343fa5", "run_id": "e4343fa5", "stem": "saas_revenue_2022_2026", "event": "pipeline_state_loaded", "keys": ["stem", "file_path", "question", "analysis_type", "question_level", "date_range", "columns", "primary_metric", "date_column", "segment_columns", "total_rows", "domain", "dataset_type", "confidence_grade", "bypass", "output_format", "execution_plan", "embedded_patterns", "skills_completed", "started_at", "project_root"]}
{"ts": "2026-05-28T08:04:25.051924+00:00", "level": "WARNING", "logger": "__main__:e4343fa5", "run_id": "e4343fa5", "stem": "saas_revenue_2022_2026", "event": "cutoff_fallback", "reason": "could not parse date_range from pipeline_state", "cutoff": "2026-05-28"}
{"ts": "2026-05-28T08:04:25.052041+00:00", "level": "INFO", "logger": "__main__:e4343fa5", "run_id": "e4343fa5", "stem": "saas_revenue_2022_2026", "event": "cutoff_set", "cutoff": "2026-05-28"}
{"ts": "2026-05-28T08:04:25.052135+00:00", "level": "INFO", "logger": "__main__:e4343fa5", "run_id": "e4343fa5", "stem": "saas_revenue_2022_2026", "event": "column_mapping", "date": "order_date", "revenue": "revenue_usd", "segment": "segment", "region": "region", "product": "product", "customer": "customer_id"}
{"ts": "2026-05-28T08:04:25.075451+00:00", "level": "INFO", "logger": "__main__:e4343fa5", "run_id": "e4343fa5", "stem": "saas_revenue_2022_2026", "event": "data_loaded", "row_count": 11455, "path": "C:\\This PC\\the future analyst\\AIDA\\AIDA-All\\AIDA\\ai_analyst\\data\\raw\\saas_revenue_2022_2026.csv"}
{"ts": "2026-05-28T10:06:21.944187+00:00", "level": "INFO", "logger": "__main__:6b450192", "run_id": "6b450192", "stem": "saas_revenue_2022_2026", "event": "pipeline_state_loaded", "keys": ["stem", "file_path", "question", "analysis_type", "question_level", "date_range", "columns", "primary_metric", "date_column", "segment_columns", "total_rows", "domain", "dataset_type", "confidence_grade", "bypass", "output_format", "execution_plan", "embedded_patterns", "skills_completed", "started_at", "project_root"]}
{"ts": "2026-05-28T10:06:21.944710+00:00", "level": "WARNING", "logger": "__main__:6b450192", "run_id": "6b450192", "stem": "saas_revenue_2022_2026", "event": "cutoff_fallback", "reason": "could not parse date_range from pipeline_state", "cutoff": "2026-05-28"}
{"ts": "2026-05-28T10:06:21.944800+00:00", "level": "INFO", "logger": "__main__:6b450192", "run_id": "6b450192", "stem": "saas_revenue_2022_2026", "event": "cutoff_set", "cutoff": "2026-05-28"}
{"ts": "2026-05-28T10:06:21.944877+00:00", "level": "INFO", "logger": "__main__:6b450192", "run_id": "6b450192", "stem": "saas_revenue_2022_2026", "event": "column_mapping", "date": "order_date", "revenue": "revenue_usd", "segment": "segment", "region": "region", "product": "product", "customer": "customer_id"}
{"ts": "2026-05-28T10:06:21.964119+00:00", "level": "INFO", "logger": "__main__:6b450192", "run_id": "6b450192", "stem": "saas_revenue_2022_2026", "event": "data_loaded", "row_count": 11455, "path": "C:\\This PC\\the future analyst\\AIDA\\AIDA-All\\AIDA\\ai_analyst\\data\\raw\\saas_revenue_2022_2026.csv"}
{"ts": "2026-05-28T10:09:40.847049+00:00", "level": "INFO", "logger": "__main__:04faacaf", "run_id": "04faacaf", "stem": "saas_revenue_2022_2026", "event": "pipeline_state_loaded", "keys": ["stem", "file_path", "question", "analysis_type", "question_level", "date_range", "columns", "primary_metric", "date_column", "segment_columns", "total_rows", "domain", "dataset_type", "confidence_grade", "bypass", "output_format", "execution_plan", "embedded_patterns", "skills_completed", "started_at", "project_root"]}
{"ts": "2026-05-28T10:09:40.847524+00:00", "level": "WARNING", "logger": "__main__:04faacaf", "run_id": "04faacaf", "stem": "saas_revenue_2022_2026", "event": "cutoff_fallback", "reason": "could not parse date_range from pipeline_state", "cutoff": "2026-05-28"}
{"ts": "2026-05-28T10:09:40.847603+00:00", "level": "INFO", "logger": "__main__:04faacaf", "run_id": "04faacaf", "stem": "saas_revenue_2022_2026", "event": "cutoff_set", "cutoff": "2026-05-28"}
{"ts": "2026-05-28T10:09:40.847675+00:00", "level": "INFO", "logger": "__main__:04faacaf", "run_id": "04faacaf", "stem": "saas_revenue_2022_2026", "event": "column_mapping", "date": "order_date", "revenue": "revenue_usd", "segment": "segment", "region": "region", "product": "product", "customer": "customer_id"}
{"ts": "2026-05-28T10:09:40.865174+00:00", "level": "INFO", "logger": "__main__:04faacaf", "run_id": "04faacaf", "stem": "saas_revenue_2022_2026", "event": "data_loaded", "row_count": 11455, "path": "C:\\This PC\\the future analyst\\AIDA\\AIDA-All\\AIDA\\ai_analyst\\data\\raw\\saas_revenue_2022_2026.csv"}
{"ts": "2026-05-28T10:09:41.014933+00:00", "level": "INFO", "logger": "__main__:04faacaf", "run_id": "04faacaf", "stem": "saas_revenue_2022_2026", "event": "descriptive_output_saved", "path": "C:\\This PC\\the future analyst\\AIDA\\AIDA-All\\AIDA\\ai_analyst\\data\\pipeline\\saas_revenue_2022_2026\\descriptive_output.json"}
{"ts": "2026-05-28T10:11:05.559828+00:00", "level": "INFO", "logger": "__main__:abcf55af", "run_id": "abcf55af", "stem": "saas_revenue_2022_2026", "event": "pipeline_state_loaded", "keys": ["stem", "file_path", "question", "analysis_type", "question_level", "date_range", "columns", "primary_metric", "date_column", "segment_columns", "total_rows", "domain", "dataset_type", "confidence_grade", "bypass", "output_format", "execution_plan", "embedded_patterns", "skills_completed", "started_at", "project_root"]}
{"ts": "2026-05-28T10:11:05.560357+00:00", "level": "WARNING", "logger": "__main__:abcf55af", "run_id": "abcf55af", "stem": "saas_revenue_2022_2026", "event": "cutoff_fallback", "reason": "could not parse date_range from pipeline_state", "cutoff": "2026-05-28"}
{"ts": "2026-05-28T10:11:05.560444+00:00", "level": "INFO", "logger": "__main__:abcf55af", "run_id": "abcf55af", "stem": "saas_revenue_2022_2026", "event": "cutoff_set", "cutoff": "2026-05-28"}
{"ts": "2026-05-28T10:11:05.560520+00:00", "level": "INFO", "logger": "__main__:abcf55af", "run_id": "abcf55af", "stem": "saas_revenue_2022_2026", "event": "column_mapping", "date": "order_date", "revenue": "revenue_usd", "segment": "segment", "region": "region", "product": "product", "customer": "customer_id"}
{"ts": "2026-05-28T10:11:05.579074+00:00", "level": "INFO", "logger": "__main__:abcf55af", "run_id": "abcf55af", "stem": "saas_revenue_2022_2026", "event": "data_loaded", "row_count": 11455, "path": "C:\\This PC\\the future analyst\\AIDA\\AIDA-All\\AIDA\\ai_analyst\\data\\raw\\saas_revenue_2022_2026.csv"}
{"ts": "2026-05-28T10:11:05.743821+00:00", "level": "INFO", "logger": "__main__:abcf55af", "run_id": "abcf55af", "stem": "saas_revenue_2022_2026", "event": "descriptive_output_saved", "path": "C:\\This PC\\the future analyst\\AIDA\\AIDA-All\\AIDA\\ai_analyst\\data\\pipeline\\saas_revenue_2022_2026\\descriptive_output.json"}
{"ts": "2026-05-29T03:31:05.033402+00:00", "level": "INFO", "logger": "__main__:1c3280e4", "run_id": "1c3280e4", "stem": "techworld_data", "event": "chart_render_start", "total": 14}
{"ts": "2026-05-29T03:31:05.034067+00:00", "level": "INFO", "logger": "__main__:1c3280e4", "run_id": "1c3280e4", "stem": "techworld_data", "event": "manifest_written", "path": "C:\\This PC\\the future analyst\\AIDA\\AIDA-All\\AIDA\\ai_analyst\\data\\pipeline\\techworld_data\\chart_images.json", "chart_count": 0}
{"ts": "2026-05-29T03:31:05.034174+00:00", "level": "INFO", "logger": "__main__:1c3280e4", "run_id": "1c3280e4", "stem": "techworld_data", "event": "render_complete", "rendered": 0, "failed": 14}
{"ts": "2026-05-29T03:35:36.979453+00:00", "level": "INFO", "logger": "__main__:5492f52d", "run_id": "5492f52d", "stem": "techworld_data", "event": "chart_render_start", "total": 14}
{"ts": "2026-05-29T03:35:37.870621+00:00", "level": "INFO", "logger": "__main__:5492f52d", "run_id": "5492f52d", "stem": "techworld_data", "event": "manifest_written", "path": "C:\\This PC\\the future analyst\\AIDA\\AIDA-All\\AIDA\\ai_analyst\\data\\pipeline\\techworld_data\\chart_images.json", "chart_count": 14}
{"ts": "2026-05-29T03:35:37.870734+00:00", "level": "INFO", "logger": "__main__:5492f52d", "run_id": "5492f52d", "stem": "techworld_data", "event": "render_complete", "rendered": 14, "failed": 0}
{"ts": "2026-05-29T03:35:43.706638+00:00", "level": "INFO", "logger": "__main__:96b184ae", "run_id": "96b184ae", "stem": "techworld_data", "event": "output_exists_skip", "path": "data\\reports\\revenue\\techworld_data\\slidedeck.pptx", "hint": "pass force=True or --force to overwrite"}
{"ts": "2026-05-29T03:35:56.315680+00:00", "level": "INFO", "logger": "__main__:afafaaea", "run_id": "afafaaea", "stem": "techworld_data", "event": "build_start", "slide_count": 16, "output": "data\\reports\\revenue\\techworld_data\\slidedeck_v2.pptx"}
{"ts": "2026-05-29T03:35:56.672956+00:00", "level": "INFO", "logger": "__main__:afafaaea", "run_id": "afafaaea", "stem": "techworld_data", "event": "build_complete", "output": "data\\reports\\revenue\\techworld_data\\slidedeck_v2.pptx", "size_kb": 599.0, "slide_count": 16, "error_count": 0}
{"ts": "2026-05-29T03:43:55.363793+00:00", "level": "INFO", "logger": "__main__:e8ddb5b2", "run_id": "e8ddb5b2", "stem": "techworld_data", "event": "chart_render_start", "total": 14}
{"ts": "2026-05-29T03:43:56.128985+00:00", "level": "INFO", "logger": "__main__:e8ddb5b2", "run_id": "e8ddb5b2", "stem": "techworld_data", "event": "manifest_written", "path": "C:\\This PC\\the future analyst\\AIDA\\AIDA-All\\AIDA\\ai_analyst\\data\\pipeline\\techworld_data\\chart_images.json", "chart_count": 14}
{"ts": "2026-05-29T03:43:56.129116+00:00", "level": "INFO", "logger": "__main__:e8ddb5b2", "run_id": "e8ddb5b2", "stem": "techworld_data", "event": "render_complete", "rendered": 14, "failed": 0}
{"ts": "2026-05-29T03:44:18.980334+00:00", "level": "INFO", "logger": "__main__:fea135cb", "run_id": "fea135cb", "stem": "techworld_data", "event": "output_exists_skip", "path": "data\\reports\\revenue\\techworld_data\\slidedeck_v2.pptx", "hint": "pass force=True or --force to overwrite"}
{"ts": "2026-05-29T04:59:00.268671+00:00", "level": "INFO", "logger": "__main__:a8e98699", "run_id": "a8e98699", "stem": "techworld_data_sample", "event": "story_assembly_started"}
{"ts": "2026-05-29T04:59:38.509428+00:00", "level": "INFO", "logger": "__main__:ae6e5091", "run_id": "ae6e5091", "stem": "techworld_data_sample", "event": "story_assembly_started"}
{"ts": "2026-05-29T04:59:38.512419+00:00", "level": "INFO", "logger": "__main__:ae6e5091", "run_id": "ae6e5091", "stem": "techworld_data_sample", "event": "story_assembly_completed_successfully"}
{"ts": "2026-05-29T05:06:38.822248+00:00", "level": "INFO", "logger": "__main__:8656fae4", "run_id": "8656fae4", "stem": "techworld_data_sample", "event": "chart_render_start", "total": 14}
{"ts": "2026-05-29T05:06:39.621313+00:00", "level": "INFO", "logger": "__main__:8656fae4", "run_id": "8656fae4", "stem": "techworld_data_sample", "event": "manifest_written", "path": "C:\\This PC\\the future analyst\\AIDA\\AIDA-All\\AIDA\\ai_analyst\\data\\pipeline\\techworld_data_sample\\chart_images.json", "chart_count": 14}
{"ts": "2026-05-29T05:06:39.621510+00:00", "level": "INFO", "logger": "__main__:8656fae4", "run_id": "8656fae4", "stem": "techworld_data_sample", "event": "render_complete", "rendered": 14, "failed": 0}
{"ts": "2026-05-29T05:10:26.827299+00:00", "level": "INFO", "logger": "__main__:c4fb5db0", "run_id": "c4fb5db0", "stem": "techworld_data_sample", "event": "build_start", "slide_count": 16, "output": "data\\reports\\revenue\\techworld_data_sample\\slidedeck.pptx"}
{"ts": "2026-05-29T05:10:26.844286+00:00", "level": "WARNING", "logger": "__main__:c5a59b55", "run_id": "c5a59b55", "stem": "", "event": "scope_meta_load_failed", "error": "'charmap' codec can't decode byte 0x9d in position 335: character maps to <undefined>"}
{"ts": "2026-05-29T05:10:27.015291+00:00", "level": "INFO", "logger": "__main__:c4fb5db0", "run_id": "c4fb5db0", "stem": "techworld_data_sample", "event": "build_complete", "output": "data\\reports\\revenue\\techworld_data_sample\\slidedeck.pptx", "size_kb": 475.9, "slide_count": 16, "error_count": 0}
